<?xml version="1.0" encoding="UTF-8"?>
<!-- Generated by org.testng.reporters.JUnitReportReporter -->
<testsuite hostname="LBR-PE08090F" failures="0" tests="3" name="S5TestNGFrameworkForSelenium.E35IntroductionTestNGAnnotationsInTestNG.SecondTest" time="32.942" errors="0" timestamp="2023-03-09T10:18:50 BRT" skipped="0">
  <testcase classname="S5TestNGFrameworkForSelenium.E35IntroductionTestNGAnnotationsInTestNG.SecondTest" name="openApp" time="31.794"/>
  <system-out/>
  <testcase classname="S5TestNGFrameworkForSelenium.E35IntroductionTestNGAnnotationsInTestNG.SecondTest" name="login" time="0.899"/>
  <system-out/>
  <testcase classname="S5TestNGFrameworkForSelenium.E35IntroductionTestNGAnnotationsInTestNG.SecondTest" name="closeApp" time="0.249"/>
  <system-out/>
</testsuite> <!-- S5TestNGFrameworkForSelenium.E35IntroductionTestNGAnnotationsInTestNG.SecondTest -->
