<?xml version="1.0" encoding="UTF-8"?>
<!-- Generated by org.testng.reporters.JUnitReportReporter -->
<testsuite hostname="LBR-PE08090F" failures="0" tests="3" name="S5TestNGFrameworkForSelenium.E35IntroductionTestNGAnnotationsInTestNG.ThirdTestCase" time="0.002" errors="0" timestamp="2023-03-09T10:18:50 BRT" skipped="0">
  <testcase classname="S5TestNGFrameworkForSelenium.E35IntroductionTestNGAnnotationsInTestNG.ThirdTestCase" name="test1" time="0.001"/>
  <system-out/>
  <testcase classname="S5TestNGFrameworkForSelenium.E35IntroductionTestNGAnnotationsInTestNG.ThirdTestCase" name="test2" time="0.000"/>
  <system-out/>
  <testcase classname="S5TestNGFrameworkForSelenium.E35IntroductionTestNGAnnotationsInTestNG.ThirdTestCase" name="test3" time="0.001"/>
  <system-out/>
</testsuite> <!-- S5TestNGFrameworkForSelenium.E35IntroductionTestNGAnnotationsInTestNG.ThirdTestCase -->
