<?xml version="1.0" encoding="UTF-8"?>
<!-- Generated by org.testng.reporters.JUnitReportReporter -->
<testsuite hostname="LBR-PE08090F" failures="0" tests="10" name="S5TestNGFrameworkForSelenium.E38ParallelTestingInvocationCount.InvocationCountDemo" time="0.014" errors="0" timestamp="2023-03-10T12:28:49 BRT" skipped="0">
  <testcase classname="S5TestNGFrameworkForSelenium.E38ParallelTestingInvocationCount.InvocationCountDemo" name="test" time="0.000"/>
  <system-out/>
  <testcase classname="S5TestNGFrameworkForSelenium.E38ParallelTestingInvocationCount.InvocationCountDemo" name="test" time="0.001"/>
  <system-out/>
  <testcase classname="S5TestNGFrameworkForSelenium.E38ParallelTestingInvocationCount.InvocationCountDemo" name="test" time="0.000"/>
  <system-out/>
  <testcase classname="S5TestNGFrameworkForSelenium.E38ParallelTestingInvocationCount.InvocationCountDemo" name="test" time="0.010"/>
  <system-out/>
  <testcase classname="S5TestNGFrameworkForSelenium.E38ParallelTestingInvocationCount.InvocationCountDemo" name="test" time="0.001"/>
  <system-out/>
  <testcase classname="S5TestNGFrameworkForSelenium.E38ParallelTestingInvocationCount.InvocationCountDemo" name="test" time="0.000"/>
  <system-out/>
  <testcase classname="S5TestNGFrameworkForSelenium.E38ParallelTestingInvocationCount.InvocationCountDemo" name="test" time="0.000"/>
  <system-out/>
  <testcase classname="S5TestNGFrameworkForSelenium.E38ParallelTestingInvocationCount.InvocationCountDemo" name="test" time="0.000"/>
  <system-out/>
  <testcase classname="S5TestNGFrameworkForSelenium.E38ParallelTestingInvocationCount.InvocationCountDemo" name="test" time="0.001"/>
  <system-out/>
  <testcase classname="S5TestNGFrameworkForSelenium.E38ParallelTestingInvocationCount.InvocationCountDemo" name="test" time="0.001"/>
  <system-out/>
</testsuite> <!-- S5TestNGFrameworkForSelenium.E38ParallelTestingInvocationCount.InvocationCountDemo -->
