<?xml version="1.0" encoding="UTF-8"?>
<!-- Generated by org.testng.reporters.JUnitReportReporter -->
<testsuite hostname="LBR-PE08090F" failures="0" tests="3" name="S5TestNGFrameworkForSelenium.E39TestNGListenersExtentReports.NopCommerceTests" time="12.152" errors="0" timestamp="2023-03-11T08:45:16 BRT" skipped="0">
  <testcase classname="S5TestNGFrameworkForSelenium.E39TestNGListenersExtentReports.NopCommerceTests" name="testLogo" time="0.052"/>
  <system-out/>
  <testcase classname="S5TestNGFrameworkForSelenium.E39TestNGListenersExtentReports.NopCommerceTests" name="testLogin" time="8.410"/>
  <system-out/>
  <testcase classname="S5TestNGFrameworkForSelenium.E39TestNGListenersExtentReports.NopCommerceTests" name="testLogout" time="3.690"/>
  <system-out/>
</testsuite> <!-- S5TestNGFrameworkForSelenium.E39TestNGListenersExtentReports.NopCommerceTests -->
