<?xml version="1.0" encoding="UTF-8"?>
<!-- Generated by org.testng.reporters.JUnitReportReporter -->
<testsuite hostname="LBR-PE08090F" failures="0" tests="4" name="S5TestNGFrameworkForSelenium.E38ParallelTestingInvocationCount.ParamTest" time="0.083" errors="0" timestamp="2023-03-10T13:01:11 BRT" skipped="0">
  <testcase classname="S5TestNGFrameworkForSelenium.E38ParallelTestingInvocationCount.ParamTest" name="testLogo" time="0.044"/>
  <system-out/>
  <testcase classname="S5TestNGFrameworkForSelenium.E38ParallelTestingInvocationCount.ParamTest" name="testLogo" time="0.016"/>
  <system-out/>
  <testcase classname="S5TestNGFrameworkForSelenium.E38ParallelTestingInvocationCount.ParamTest" name="testHomePageTitle" time="0.008"/>
  <system-out/>
  <testcase classname="S5TestNGFrameworkForSelenium.E38ParallelTestingInvocationCount.ParamTest" name="testHomePageTitle" time="0.015"/>
  <system-out/>
</testsuite> <!-- S5TestNGFrameworkForSelenium.E38ParallelTestingInvocationCount.ParamTest -->
